[0m[[0mdebug[0m] [0mRunning TaskDef(controllers.MinefieldSpec, org.scalatest.tools.Framework$$anon$1@2eb12a00, false, [SuiteSelector])[0m
[0m[[0minfo[0m] [0m[36mRun completed in 185 milliseconds.[0m[0m
[0m[[0minfo[0m] [0m[36mTotal number of tests run: 28[0m[0m
[0m[[0minfo[0m] [0m[36mSuites: completed 1, aborted 0[0m[0m
[0m[[0minfo[0m] [0m[36mTests: succeeded 25, failed 3, canceled 0, ignored 0, pending 0[0m[0m
[0m[[0minfo[0m] [0m[31m*** 3 TESTS FAILED ***[0m[0m
[0m[[31merror[0m] [0mFailed tests:[0m
[0m[[31merror[0m] [0m	controllers.MinefieldSpec[0m
[0m[[31merror[0m] [0m(test:[31mtest[0m) sbt.TestsFailedException: Tests unsuccessful[0m
